# JRE version: OpenJDK Runtime Environment (17.0.14+10) (build 17.0.14+10-LTS)
# Java VM: OpenJDK 64-Bit Server VM (17.0.14+10-LTS, mixed mode, sharing, tiered, compressed oops, compressed class ptrs, g1 gc, windows-amd64)
GC Precious Log:
 CPUs: 4 total, 4 available
 Memory: 49117M
 Large Page Support: Disabled
 NUMA Support: Disabled
 Compressed Oops: Enabled (Zero based)
 Heap Region Size: 8M
 Heap Min Capacity: 8M
 Heap Initial Capacity: 768M
 Heap Max Capacity: 12280M
 Pre-touch: Disabled
 Parallel Workers: 4
 Concurrent Workers: 1
 Concurrent Refinement Workers: 4
 Periodic GC: Disabled
Heap:
 garbage-first heap   total 425984K, used 92816K [0x0000000500800000, 0x0000000800000000)
  region size 8192K, 9 young (73728K), 1 survivors (8192K)
 Metaspace       used 30021K, committed 30400K, reserved 1114112K
  class space    used 3295K, committed 3456K, reserved 1048576K
GC Heap History (20 events):
Event: 1.441 GC heap before
{Heap before GC invocations=2 (full 0):
 garbage-first heap   total 786432K, used 15348K [0x0000000500800000, 0x0000000800000000)
  region size 8192K, 3 young (24576K), 1 survivors (8192K)
 Metaspace       used 21250K, committed 21504K, reserved 1114112K
  class space    used 2564K, committed 2688K, reserved 1048576K
}
Event: 1.443 GC heap after
{Heap after GC invocations=3 (full 0):
 garbage-first heap   total 786432K, used 9616K [0x0000000500800000, 0x0000000800000000)
  region size 8192K, 1 young (8192K), 1 survivors (8192K)
 Metaspace       used 21250K, committed 21504K, reserved 1114112K
  class space    used 2564K, committed 2688K, reserved 1048576K
}
Event: 2.048 GC heap before
{Heap before GC invocations=4 (full 0):
 garbage-first heap   total 81920K, used 9616K [0x0000000500800000, 0x0000000800000000)
  region size 8192K, 2 young (16384K), 1 survivors (8192K)
 Metaspace       used 21464K, committed 21760K, reserved 1114112K
  class space    used 2589K, committed 2752K, reserved 1048576K
}
Event: 2.069 GC heap after
{Heap after GC invocations=5 (full 1):
 garbage-first heap   total 57344K, used 9352K [0x0000000500800000, 0x0000000800000000)
  region size 8192K, 0 young (0K), 0 survivors (0K)
 Metaspace       used 21464K, committed 21760K, reserved 1114112K
  class space    used 2589K, committed 2752K, reserved 1048576K
}
Event: 2.070 GC heap before
{Heap before GC invocations=5 (full 1):
 garbage-first heap   total 57344K, used 9352K [0x0000000500800000, 0x0000000800000000)
  region size 8192K, 0 young (0K), 0 survivors (0K)
 Metaspace       used 21464K, committed 21760K, reserved 1114112K
  class space    used 2589K, committed 2752K, reserved 1048576K
}
Event: 2.084 GC heap after
{Heap after GC invocations=6 (full 2):
 garbage-first heap   total 57344K, used 9352K [0x0000000500800000, 0x0000000800000000)
  region size 8192K, 0 young (0K), 0 survivors (0K)
 Metaspace       used 21464K, committed 21760K, reserved 1114112K
  class space    used 2589K, committed 2752K, reserved 1048576K
}
Event: 2.752 GC heap before
{Heap before GC invocations=6 (full 2):
 garbage-first heap   total 57344K, used 25736K [0x0000000500800000, 0x0000000800000000)
  region size 8192K, 2 young (16384K), 0 survivors (0K)
 Metaspace       used 26553K, committed 26816K, reserved 1114112K
  class space    used 2950K, committed 3072K, reserved 1048576K
}
Event: 2.754 GC heap after
{Heap after GC invocations=7 (full 2):
 garbage-first heap   total 57344K, used 10794K [0x0000000500800000, 0x0000000800000000)
  region size 8192K, 1 young (8192K), 1 survivors (8192K)
 Metaspace       used 26553K, committed 26816K, reserved 1114112K
  class space    used 2950K, committed 3072K, reserved 1048576K
}
Event: 2.892 GC heap before
{Heap before GC invocations=7 (full 2):
 garbage-first heap   total 57344K, used 18986K [0x0000000500800000, 0x0000000800000000)
  region size 8192K, 2 young (16384K), 1 survivors (8192K)
 Metaspace       used 28038K, committed 28416K, reserved 1114112K
  class space    used 3110K, committed 3328K, reserved 1048576K
}
Event: 2.895 GC heap after
{Heap after GC invocations=8 (full 2):
 garbage-first heap   total 57344K, used 13198K [0x0000000500800000, 0x0000000800000000)
  region size 8192K, 1 young (8192K), 1 survivors (8192K)
 Metaspace       used 28038K, committed 28416K, reserved 1114112K
  class space    used 3110K, committed 3328K, reserved 1048576K
}
Event: 2.915 GC heap before
{Heap before GC invocations=8 (full 2):
 garbage-first heap   total 57344K, used 21390K [0x0000000500800000, 0x0000000800000000)
  region size 8192K, 2 young (16384K), 1 survivors (8192K)
 Metaspace       used 28175K, committed 28544K, reserved 1114112K
  class space    used 3123K, committed 3328K, reserved 1048576K
}
Event: 2.918 GC heap after
{Heap after GC invocations=9 (full 2):
 garbage-first heap   total 57344K, used 20280K [0x0000000500800000, 0x0000000800000000)
  region size 8192K, 1 young (8192K), 1 survivors (8192K)
 Metaspace       used 28175K, committed 28544K, reserved 1114112K
  class space    used 3123K, committed 3328K, reserved 1048576K
}
Event: 2.939 GC heap before
{Heap before GC invocations=9 (full 2):
 garbage-first heap   total 57344K, used 20280K [0x0000000500800000, 0x0000000800000000)
  region size 8192K, 2 young (16384K), 1 survivors (8192K)
 Metaspace       used 28176K, committed 28544K, reserved 1114112K
  class space    used 3123K, committed 3328K, reserved 1048576K
}
Event: 2.941 GC heap after
{Heap after GC invocations=10 (full 2):
 garbage-first heap   total 425984K, used 19540K [0x0000000500800000, 0x0000000800000000)
  region size 8192K, 1 young (8192K), 1 survivors (8192K)
 Metaspace       used 28176K, committed 28544K, reserved 1114112K
  class space    used 3123K, committed 3328K, reserved 1048576K
}
Event: 3.147 GC heap before
{Heap before GC invocations=10 (full 2):
 garbage-first heap   total 425984K, used 175188K [0x0000000500800000, 0x0000000800000000)
  region size 8192K, 16 young (131072K), 1 survivors (8192K)
 Metaspace       used 28192K, committed 28608K, reserved 1114112K
  class space    used 3123K, committed 3328K, reserved 1048576K
}
Event: 3.148 GC heap after
{Heap after GC invocations=11 (full 2):
 garbage-first heap   total 425984K, used 26395K [0x0000000500800000, 0x0000000800000000)
  region size 8192K, 1 young (8192K), 1 survivors (8192K)
 Metaspace       used 28192K, committed 28608K, reserved 1114112K
  class space    used 3123K, committed 3328K, reserved 1048576K
}
Event: 3.467 GC heap before
{Heap before GC invocations=11 (full 2):
 garbage-first heap   total 425984K, used 345883K [0x0000000500800000, 0x0000000800000000)
  region size 8192K, 31 young (253952K), 1 survivors (8192K)
 Metaspace       used 28196K, committed 28608K, reserved 1114112K
  class space    used 3123K, committed 3328K, reserved 1048576K
}
Event: 3.468 GC heap after
{Heap after GC invocations=12 (full 2):
 garbage-first heap   total 425984K, used 26376K [0x0000000500800000, 0x0000000800000000)
  region size 8192K, 1 young (8192K), 1 survivors (8192K)
 Metaspace       used 28196K, committed 28608K, reserved 1114112K
  class space    used 3123K, committed 3328K, reserved 1048576K
}
Event: 3.647 GC heap before
{Heap before GC invocations=12 (full 2):
 garbage-first heap   total 425984K, used 313096K [0x0000000500800000, 0x0000000800000000)
  region size 8192K, 31 young (253952K), 1 survivors (8192K)
 Metaspace       used 28212K, committed 28608K, reserved 1114112K
  class space    used 3124K, committed 3328K, reserved 1048576K
}
Event: 3.648 GC heap after
{Heap after GC invocations=13 (full 2):
 garbage-first heap   total 425984K, used 19088K [0x0000000500800000, 0x0000000800000000)
  region size 8192K, 1 young (8192K), 1 survivors (8192K)
 Metaspace       used 28212K, committed 28608K, reserved 1114112K
  class space    used 3124K, committed 3328K, reserved 1048576K
}

